<?xml version="1.0" encoding="UTF-8"?>
<!-- Generated by org.testng.reporters.JUnitXMLReporter -->
<testsuite hostname="DESKTOP-EA42FIK" ignored="0" name="Test" tests="1" failures="1" timestamp="11 Jan 2021 16:48:00 GMT" time="10.548" errors="0">
  <testcase name="enter" time="0.206" classname="test.TESTFramework">
    <failure type="java.io.FileNotFoundException" message=".\testdata\Framework.xlsx (The system cannot find the file specified)">
      <![CDATA[java.io.FileNotFoundException: .\testdata\Framework.xlsx (The system cannot find the file specified)
at java.io.FileInputStream.open0(Native Method)
at java.io.FileInputStream.open(FileInputStream.java:195)
at java.io.FileInputStream.<init>(FileInputStream.java:138)
at java.io.FileInputStream.<init>(FileInputStream.java:93)
at generics.ExcelLibrary.getcellvalue(ExcelLibrary.java:24)
at pom.FrameworkPage.submitdetails(FrameworkPage.java:111)
at test.TESTFramework.enter(TESTFramework.java:16)
... Removed 25 stack frames]]>
    </failure>
  </testcase> <!-- enter -->
</testsuite> <!-- Test -->
